<?xml version="1.0" encoding="UTF-8"?>
<!-- Generated by org.testng.reporters.JUnitReportReporter -->
<testsuite hostname="account-2" failures="0" tests="2" name="com.Auth2Authentication.AuthonticationAuth2" time="6.820" errors="0" timestamp="2023-05-10T13:40:07 IST" skipped="0">
  <testcase classname="com.Auth2Authentication.AuthonticationAuth2" name="Listinvoice" time="0.812"/>
  <system-out/>
  <testcase classname="com.Auth2Authentication.AuthonticationAuth2" name="GetAccessToken" time="6.008"/>
  <system-out/>
</testsuite> <!-- com.Auth2Authentication.AuthonticationAuth2 -->
