<?xml version="1.0" encoding="UTF-8"?>
<!-- Generated by org.testng.reporters.JUnitReportReporter -->
<testsuite hostname="account-2" failures="0" tests="2" name="com.restcurdoperation.Curdoperation" time="4.046" errors="0" timestamp="2023-05-07T15:47:14 IST" skipped="0">
  <testcase classname="com.restcurdoperation.Curdoperation" name="getFirstreqt1" time="3.665"/>
  <system-out/>
  <testcase classname="com.restcurdoperation.Curdoperation" name="test01" time="0.381"/>
  <system-out/>
</testsuite> <!-- com.restcurdoperation.Curdoperation -->
