<?xml version="1.0" encoding="UTF-8"?>
<!-- Generated by org.testng.reporters.JUnitReportReporter -->
<testsuite hostname="account-2" failures="0" tests="2" name="RestAssuredAPItest.RestAssuredAPItest.FirstGetRequest" time="4.563" errors="0" timestamp="2023-05-07T00:42:18 IST" skipped="0">
  <testcase classname="RestAssuredAPItest.RestAssuredAPItest.FirstGetRequest" name="getFirstreqt1" time="3.743"/>
  <system-out/>
  <testcase classname="RestAssuredAPItest.RestAssuredAPItest.FirstGetRequest" name="test002" time="0.820"/>
  <system-out/>
</testsuite> <!-- RestAssuredAPItest.RestAssuredAPItest.FirstGetRequest -->
