<?xml version="1.0" encoding="UTF-8"?>
<!-- Generated by org.testng.reporters.JUnitReportReporter -->
<testsuite hostname="account-2" failures="0" tests="1" name="com.restcurdoperation.PostRequest" time="6.963" errors="0" timestamp="2023-05-07T16:14:42 IST" skipped="0">
  <testcase classname="com.restcurdoperation.PostRequest" name="testpost" time="6.963"/>
  <system-out/>
</testsuite> <!-- com.restcurdoperation.PostRequest -->
