<?xml version="1.0" encoding="UTF-8"?>
<!-- Generated by org.testng.reporters.JUnitReportReporter -->
<testsuite hostname="account-2" failures="0" tests="1" name="com.restcurdoperation.PutRequest" time="9.405" errors="0" timestamp="2023-05-07T16:15:16 IST" skipped="0">
  <testcase classname="com.restcurdoperation.PutRequest" name="testupdate" time="9.405"/>
  <system-out/>
</testsuite> <!-- com.restcurdoperation.PutRequest -->
