<?xml version="1.0" encoding="UTF-8"?>
<!-- Generated by org.testng.reporters.JUnitReportReporter -->
<testsuite hostname="account-2" failures="0" tests="1" name="com.session10.ApiKey" time="3.332" errors="0" timestamp="2023-05-09T18:52:06 IST" skipped="0">
  <testcase classname="com.session10.ApiKey" name="testApikey" time="3.332"/>
  <system-out/>
</testsuite> <!-- com.session10.ApiKey -->
