<?xml version="1.0" encoding="UTF-8"?>
<!-- Generated by org.testng.reporters.JUnitReportReporter -->
<testsuite hostname="account-2" failures="0" tests="2" name="com.session04.CheckforValidResponse" time="48.025" errors="0" timestamp="2023-05-07T23:06:09 IST" skipped="1">
  <testcase classname="com.session04.CheckforValidResponse" name="bddstylecode" time="48.025"/>
  <system-out/>
  <testcase classname="com.session04.CheckforValidResponse" name="getSingleUser">
    <skipped/>
  </testcase> <!-- getSingleUser -->
  <system-out/>
</testsuite> <!-- com.session04.CheckforValidResponse -->
