<?xml version="1.0" encoding="UTF-8"?>
<!-- Generated by org.testng.reporters.JUnitReportReporter -->
<testsuite hostname="account-2" failures="0" tests="1" name="com.restcurdoperation.DeleteRequest" time="4.541" errors="0" timestamp="2023-05-07T16:32:42 IST" skipped="0">
  <testcase classname="com.restcurdoperation.DeleteRequest" name="testdeleterequest" time="4.541"/>
  <system-out/>
</testsuite> <!-- com.restcurdoperation.DeleteRequest -->
