<?xml version="1.0" encoding="UTF-8"?>
<!-- Generated by org.testng.reporters.JUnitReportReporter -->
<testsuite hostname="account-2" failures="0" tests="1" name="com.restcurdoperation.PatchRequest" time="3.492" errors="0" timestamp="2023-05-07T16:19:24 IST" skipped="0">
  <testcase classname="com.restcurdoperation.PatchRequest" name="testpatch" time="3.492"/>
  <system-out/>
</testsuite> <!-- com.restcurdoperation.PatchRequest -->
