<?xml version="1.0" encoding="UTF-8"?>
<!-- Generated by org.testng.reporters.JUnitReportReporter -->
<testsuite hostname="account-2" failures="0" tests="1" name="com.sewssion09.BearerToken" time="3.851" errors="0" timestamp="2023-05-09T17:52:24 IST" skipped="0">
  <testcase classname="com.sewssion09.BearerToken" name="bearerTokentest" time="3.851"/>
  <system-out/>
</testsuite> <!-- com.sewssion09.BearerToken -->
